mode: set
github.com/paladinknightmaster/currency-exchange-go-backend/main.go:15.13,17.2 1 1
github.com/paladinknightmaster/currency-exchange-go-backend/main.go:19.16,20.43 1 1
github.com/paladinknightmaster/currency-exchange-go-backend/main.go:20.43,22.3 1 1
github.com/paladinknightmaster/currency-exchange-go-backend/main.go:25.13,26.38 1 0
github.com/paladinknightmaster/currency-exchange-go-backend/main.go:26.38,28.3 1 0
github.com/paladinknightmaster/currency-exchange-go-backend/main.go:31.26,35.16 4 1
github.com/paladinknightmaster/currency-exchange-go-backend/main.go:35.16,37.3 1 1
github.com/paladinknightmaster/currency-exchange-go-backend/main.go:38.2,38.12 1 1
github.com/paladinknightmaster/currency-exchange-go-backend/main.go:41.32,46.2 4 1
github.com/paladinknightmaster/currency-exchange-go-backend/utils/http_client.go:21.50,26.16 4 1
github.com/paladinknightmaster/currency-exchange-go-backend/utils/http_client.go:26.16,28.3 1 1
github.com/paladinknightmaster/currency-exchange-go-backend/utils/http_client.go:29.2,31.38 2 1
github.com/paladinknightmaster/currency-exchange-go-backend/utils/http_client.go:31.38,33.3 1 1
github.com/paladinknightmaster/currency-exchange-go-backend/utils/http_client.go:35.2,36.66 2 1
github.com/paladinknightmaster/currency-exchange-go-backend/utils/http_client.go:36.66,38.3 1 1
github.com/paladinknightmaster/currency-exchange-go-backend/utils/http_client.go:40.2,40.20 1 1
github.com/paladinknightmaster/currency-exchange-go-backend/utils/mock_http_client.go:15.62,16.18 1 1
github.com/paladinknightmaster/currency-exchange-go-backend/utils/mock_http_client.go:16.18,18.3 1 1
github.com/paladinknightmaster/currency-exchange-go-backend/utils/mock_http_client.go:19.2,23.18 2 1
github.com/paladinknightmaster/currency-exchange-go-backend/handlers/convert.go:12.62,19.31 6 1
github.com/paladinknightmaster/currency-exchange-go-backend/handlers/convert.go:19.31,22.3 2 1
github.com/paladinknightmaster/currency-exchange-go-backend/handlers/convert.go:24.2,25.12 2 1
github.com/paladinknightmaster/currency-exchange-go-backend/handlers/convert.go:25.12,28.3 2 0
github.com/paladinknightmaster/currency-exchange-go-backend/handlers/convert.go:30.2,33.22 3 1
github.com/paladinknightmaster/currency-exchange-go-backend/handlers/convert.go:33.22,36.3 2 1
github.com/paladinknightmaster/currency-exchange-go-backend/handlers/convert.go:38.2,43.84 4 1
github.com/paladinknightmaster/currency-exchange-go-backend/handlers/rates.go:11.55,13.12 2 1
github.com/paladinknightmaster/currency-exchange-go-backend/handlers/rates.go:13.12,16.17 2 1
github.com/paladinknightmaster/currency-exchange-go-backend/handlers/rates.go:16.17,19.4 2 1
github.com/paladinknightmaster/currency-exchange-go-backend/handlers/rates.go:20.3,21.32 2 1
github.com/paladinknightmaster/currency-exchange-go-backend/handlers/rates.go:24.2,25.34 2 1
github.com/paladinknightmaster/currency-exchange-go-backend/cache/cache.go:12.56,14.11 2 1
github.com/paladinknightmaster/currency-exchange-go-backend/cache/cache.go:14.11,16.3 1 1
github.com/paladinknightmaster/currency-exchange-go-backend/cache/cache.go:17.2,17.19 1 1
github.com/paladinknightmaster/currency-exchange-go-backend/cache/cache.go:20.52,22.2 1 1
github.com/paladinknightmaster/currency-exchange-go-backend/cache/cache.go:24.19,26.2 1 1
github.com/paladinknightmaster/currency-exchange-go-backend/cache/cache.go:28.42,30.2 1 1
